# JRE version: OpenJDK Runtime Environment (8.0_242-b01) (build 1.8.0_242-release-1644-b01)
# Java VM: OpenJDK 64-Bit Server VM (25.242-b01 mixed mode windows-amd64 compressed oops)
Heap:
 PSYoungGen      total 626176K, used 489815K [0x00000000d5580000, 0x0000000100000000, 0x0000000100000000)
  eden space 554496K, 88% used [0x00000000d5580000,0x00000000f34a6b50,0x00000000f7300000)
  from space 71680K, 0% used [0x00000000fba00000,0x00000000fba00000,0x0000000100000000)
  to   space 72192K, 0% used [0x00000000f7300000,0x00000000f7300000,0x00000000fb980000)
 ParOldGen       total 140288K, used 66798K [0x0000000080000000, 0x0000000088900000, 0x00000000d5580000)
  object space 140288K, 47% used [0x0000000080000000,0x000000008413b958,0x0000000088900000)
 Metaspace       used 123013K, capacity 131078K, committed 136344K, reserved 1167360K
  class space    used 15653K, capacity 17038K, committed 18088K, reserved 1048576K
GC Heap History (10 events):
Event: 9410.258 GC heap before
{Heap before GC invocations=49 (full 6):
 PSYoungGen      total 621568K, used 578753K [0x00000000d5580000, 0x00000000ff980000, 0x0000000100000000)
  eden space 556032K, 100% used [0x00000000d5580000,0x00000000f7480000,0x00000000f7480000)
  from space 65536K, 34% used [0x00000000fb980000,0x00000000fcfb0498,0x00000000ff980000)
  to   space 68096K, 0% used [0x00000000f7480000,0x00000000f7480000,0x00000000fb700000)
 ParOldGen       total 140288K, used 70858K [0x0000000080000000, 0x0000000088900000, 0x00000000d5580000)
  object space 140288K, 50% used [0x0000000080000000,0x0000000084532810,0x0000000088900000)
 Metaspace       used 126009K, capacity 133446K, committed 135704K, reserved 1167360K
  class space    used 16059K, capacity 17448K, committed 17960K, reserved 1048576K
Event: 9417.798 GC heap after
Heap after GC invocations=49 (full 6):
 PSYoungGen      total 624128K, used 45914K [0x00000000d5580000, 0x0000000100000000, 0x0000000100000000)
  eden space 556032K, 0% used [0x00000000d5580000,0x00000000d5580000,0x00000000f7480000)
  from space 68096K, 67% used [0x00000000f7480000,0x00000000fa156808,0x00000000fb700000)
  to   space 69632K, 0% used [0x00000000fbc00000,0x00000000fbc00000,0x0000000100000000)
 ParOldGen       total 140288K, used 70858K [0x0000000080000000, 0x0000000088900000, 0x00000000d5580000)
  object space 140288K, 50% used [0x0000000080000000,0x0000000084532810,0x0000000088900000)
 Metaspace       used 126009K, capacity 133446K, committed 135704K, reserved 1167360K
  class space    used 16059K, capacity 17448K, committed 17960K, reserved 1048576K
}
Event: 9429.858 GC heap before
{Heap before GC invocations=50 (full 6):
 PSYoungGen      total 624128K, used 601946K [0x00000000d5580000, 0x0000000100000000, 0x0000000100000000)
  eden space 556032K, 100% used [0x00000000d5580000,0x00000000f7480000,0x00000000f7480000)
  from space 68096K, 67% used [0x00000000f7480000,0x00000000fa156808,0x00000000fb700000)
  to   space 69632K, 0% used [0x00000000fbc00000,0x00000000fbc00000,0x0000000100000000)
 ParOldGen       total 140288K, used 70858K [0x0000000080000000, 0x0000000088900000, 0x00000000d5580000)
  object space 140288K, 50% used [0x0000000080000000,0x0000000084532810,0x0000000088900000)
 Metaspace       used 126150K, capacity 133656K, committed 135704K, reserved 1167360K
  class space    used 16076K, capacity 17473K, committed 17960K, reserved 1048576K
Event: 9432.254 GC heap after
Heap after GC invocations=50 (full 6):
 PSYoungGen      total 625152K, used 48127K [0x00000000d5580000, 0x0000000100000000, 0x0000000100000000)
  eden space 555520K, 0% used [0x00000000d5580000,0x00000000d5580000,0x00000000f7400000)
  from space 69632K, 69% used [0x00000000fbc00000,0x00000000feaffc40,0x0000000100000000)
  to   space 71680K, 0% used [0x00000000f7400000,0x00000000f7400000,0x00000000fba00000)
 ParOldGen       total 140288K, used 79928K [0x0000000080000000, 0x0000000088900000, 0x00000000d5580000)
  object space 140288K, 56% used [0x0000000080000000,0x0000000084e0e090,0x0000000088900000)
 Metaspace       used 126150K, capacity 133656K, committed 135704K, reserved 1167360K
  class space    used 16076K, capacity 17473K, committed 17960K, reserved 1048576K
}
Event: 11614.893 GC heap before
{Heap before GC invocations=51 (full 6):
 PSYoungGen      total 625152K, used 603647K [0x00000000d5580000, 0x0000000100000000, 0x0000000100000000)
  eden space 555520K, 100% used [0x00000000d5580000,0x00000000f7400000,0x00000000f7400000)
  from space 69632K, 69% used [0x00000000fbc00000,0x00000000feaffc40,0x0000000100000000)
  to   space 71680K, 0% used [0x00000000f7400000,0x00000000f7400000,0x00000000fba00000)
 ParOldGen       total 140288K, used 79928K [0x0000000080000000, 0x0000000088900000, 0x00000000d5580000)
  object space 140288K, 56% used [0x0000000080000000,0x0000000084e0e090,0x0000000088900000)
 Metaspace       used 126675K, capacity 134958K, committed 135704K, reserved 1167360K
  class space    used 16188K, capacity 17678K, committed 17960K, reserved 1048576K
Event: 11621.277 GC heap after
Heap after GC invocations=51 (full 6):
 PSYoungGen      total 627200K, used 12293K [0x00000000d5580000, 0x0000000100000000, 0x0000000100000000)
  eden space 555520K, 0% used [0x00000000d5580000,0x00000000d5580000,0x00000000f7400000)
  from space 71680K, 17% used [0x00000000f7400000,0x00000000f8001430,0x00000000fba00000)
  to   space 71680K, 0% used [0x00000000fba00000,0x00000000fba00000,0x0000000100000000)
 ParOldGen       total 140288K, used 86175K [0x0000000080000000, 0x0000000088900000, 0x00000000d5580000)
  object space 140288K, 61% used [0x0000000080000000,0x0000000085427f98,0x0000000088900000)
 Metaspace       used 126675K, capacity 134958K, committed 135704K, reserved 1167360K
  class space    used 16188K, capacity 17678K, committed 17960K, reserved 1048576K
}
Event: 11689.174 GC heap before
{Heap before GC invocations=52 (full 6):
 PSYoungGen      total 627200K, used 220540K [0x00000000d5580000, 0x0000000100000000, 0x0000000100000000)
  eden space 555520K, 37% used [0x00000000d5580000,0x00000000e20ddcd0,0x00000000f7400000)
  from space 71680K, 17% used [0x00000000f7400000,0x00000000f8001430,0x00000000fba00000)
  to   space 71680K, 0% used [0x00000000fba00000,0x00000000fba00000,0x0000000100000000)
 ParOldGen       total 140288K, used 86175K [0x0000000080000000, 0x0000000088900000, 0x00000000d5580000)
  object space 140288K, 61% used [0x0000000080000000,0x0000000085427f98,0x0000000088900000)
 Metaspace       used 127180K, capacity 135882K, committed 136344K, reserved 1167360K
  class space    used 16272K, capacity 17832K, committed 18088K, reserved 1048576K
Event: 11689.861 GC heap after
Heap after GC invocations=52 (full 6):
 PSYoungGen      total 626176K, used 6663K [0x00000000d5580000, 0x0000000100000000, 0x0000000100000000)
  eden space 554496K, 0% used [0x00000000d5580000,0x00000000d5580000,0x00000000f7300000)
  from space 71680K, 9% used [0x00000000fba00000,0x00000000fc081e78,0x0000000100000000)
  to   space 72192K, 0% used [0x00000000f7300000,0x00000000f7300000,0x00000000fb980000)
 ParOldGen       total 140288K, used 88282K [0x0000000080000000, 0x0000000088900000, 0x00000000d5580000)
  object space 140288K, 62% used [0x0000000080000000,0x0000000085636a58,0x0000000088900000)
 Metaspace       used 127180K, capacity 135882K, committed 136344K, reserved 1167360K
  class space    used 16272K, capacity 17832K, committed 18088K, reserved 1048576K
}
Event: 11689.877 GC heap before
{Heap before GC invocations=53 (full 7):
 PSYoungGen      total 626176K, used 6663K [0x00000000d5580000, 0x0000000100000000, 0x0000000100000000)
  eden space 554496K, 0% used [0x00000000d5580000,0x00000000d5580000,0x00000000f7300000)
  from space 71680K, 9% used [0x00000000fba00000,0x00000000fc081e78,0x0000000100000000)
  to   space 72192K, 0% used [0x00000000f7300000,0x00000000f7300000,0x00000000fb980000)
 ParOldGen       total 140288K, used 88282K [0x0000000080000000, 0x0000000088900000, 0x00000000d5580000)
  object space 140288K, 62% used [0x0000000080000000,0x0000000085636a58,0x0000000088900000)
 Metaspace       used 127180K, capacity 135882K, committed 136344K, reserved 1167360K
  class space    used 16272K, capacity 17832K, committed 18088K, reserved 1048576K
Event: 11704.866 GC heap after
Heap after GC invocations=53 (full 7):
 PSYoungGen      total 626176K, used 0K [0x00000000d5580000, 0x0000000100000000, 0x0000000100000000)
  eden space 554496K, 0% used [0x00000000d5580000,0x00000000d5580000,0x00000000f7300000)
  from space 71680K, 0% used [0x00000000fba00000,0x00000000fba00000,0x0000000100000000)
  to   space 72192K, 0% used [0x00000000f7300000,0x00000000f7300000,0x00000000fb980000)
 ParOldGen       total 140288K, used 66798K [0x0000000080000000, 0x0000000088900000, 0x00000000d5580000)
  object space 140288K, 47% used [0x0000000080000000,0x000000008413b958,0x0000000088900000)
 Metaspace       used 121590K, capacity 128978K, committed 136344K, reserved 1167360K
  class space    used 15480K, capacity 16769K, committed 18088K, reserved 1048576K
}

